<?xml version="1.0" encoding="UTF-8"?>
<testsuite xmlns:xsi="http://www.w3.org/2001/XMLSchema-instance" xsi:noNamespaceSchemaLocation="https://maven.apache.org/surefire/maven-surefire-plugin/xsd/surefire-test-report-3.0.xsd" version="3.0" name="ExerciseTest" time="0.256" tests="6" errors="0" skipped="0" failures="0">
  <properties>
[...]
</properties>
  <testcase name="giveEmptySpaceTest" classname="ExerciseTest" time="0.103">
    <system-out><![CDATA[Invalid input
]]></system-out>
  </testcase>
  <testcase name="giveNullTest" classname="ExerciseTest" time="0.003">
    <system-out><![CDATA[Invalid input
]]></system-out>
  </testcase>
  <testcase name="giveEmptyStringTest" classname="ExerciseTest" time="0.003">
    <system-out><![CDATA[Invalid input
]]></system-out>
  </testcase>
  <testcase name="giveSingleWordTest" classname="ExerciseTest" time="0.046">
    <system-out><![CDATA[jumped
6
]]></system-out>
  </testcase>
  <testcase name="giveMultipleMaxLengthWordsTest" classname="ExerciseTest" time="0.003">
    <system-out><![CDATA[over
4
moon
4
jump
4
]]></system-out>
  </testcase>
  <testcase name="giveSingleMaxLengthWordTest" classname="ExerciseTest" time="0.002">
    <system-out><![CDATA[jumped
6
]]></system-out>
  </testcase>
</testsuite>